Script Profile(awesome) has been loaded with namespace 'awesome'
Script Profile(budgie) has been loaded with namespace 'budgie'
Script Profile(cinnamon) has been loaded with namespace 'cinnamon'
Script Profile(desktop) has been loaded with namespace 'desktop'
Script Profile(gnome) has been loaded with namespace 'gnome'
Script Profile(i3) has been loaded with namespace 'i3'
Script Profile(kde) has been loaded with namespace 'kde'
Script Profile(lxqt) has been loaded with namespace 'lxqt'
Script Profile(minimal) has been loaded with namespace 'minimal'
Script Profile(sway) has been loaded with namespace 'sway'
Script Profile(xfce4) has been loaded with namespace 'xfce4'
Script Profile(xorg) has been loaded with namespace 'xorg'
Script Profile(xorg) has been loaded with namespace 'xorg'
Time zone US/Denver does not exist, continuing with system default.
-- Guided template chosen (with below config) --
{
    "!root-password": "******",
    "audio": "none",
    "harddrive": null,
    "hostname": "host",
    "keyboard-language": "us",
    "mirror-region": {
        "United States": {
            "https://america.mirror.pkgbuild.com/$repo/os/$arch": true,
            "https://arch.hu.fo/archlinux/$repo/os/$arch": true,
            "https://arch.mirror.constant.com/$repo/os/$arch": true,
            "https://arch.mirror.square-r00t.net/$repo/os/$arch": true,
            "https://arch.rrig.gs/$repo/os/$arch": true,
            "https://archlinux.surlyjake.com/archlinux/$repo/os/$arch": true,
            "https://archmirror1.octyl.net/$repo/os/$arch": true,
            "https://arlm.tyzoid.com/$repo/os/$arch": true,
            "https://dfw.mirror.rackspace.com/archlinux/$repo/os/$arch": true,
            "https://ftp.sudhip.com/archlinux/$repo/os/$arch": true,
            "https://iad.mirror.rackspace.com/archlinux/$repo/os/$arch": true,
            "https://iad.mirrors.misaka.one/archlinux/$repo/os/$arch": true,
            "https://mirror.arizona.edu/archlinux/$repo/os/$arch": true,
            "https://mirror.cybersecurity.nmt.edu/archlinux/$repo/os/$arch": true,
            "https://mirror.dal10.us.leaseweb.net/archlinux/$repo/os/$arch": true,
            "https://mirror.ette.biz/archlinux/$repo/os/$arch": true,
            "https://mirror.hackingand.coffee/arch/$repo/os/$arch": true,
            "https://mirror.kaminski.io/archlinux/$repo/os/$arch": true,
            "https://mirror.lty.me/archlinux/$repo/os/$arch": true,
            "https://mirror.mia11.us.leaseweb.net/archlinux/$repo/os/$arch": true,
            "https://mirror.pit.teraswitch.com/archlinux/$repo/os/$arch": true,
            "https://mirror.sfo12.us.leaseweb.net/archlinux/$repo/os/$arch": true,
            "https://mirror.stephen304.com/archlinux/$repo/os/$arch": true,
            "https://mirror.wdc1.us.leaseweb.net/archlinux/$repo/os/$arch": true,
            "https://mirrors.kernel.org/archlinux/$repo/os/$arch": true,
            "https://mirrors.mit.edu/archlinux/$repo/os/$arch": true,
            "https://mirrors.ocf.berkeley.edu/archlinux/$repo/os/$arch": true,
            "https://mirrors.rit.edu/archlinux/$repo/os/$arch": true,
            "https://mirrors.sonic.net/archlinux/$repo/os/$arch": true,
            "https://mirrors.xtom.com/archlinux/$repo/os/$arch": true,
            "https://ord.mirror.rackspace.com/archlinux/$repo/os/$arch": true,
            "https://plug-mirror.rcac.purdue.edu/archlinux/$repo/os/$arch": true,
            "https://zxcvfdsa.com/arch/$repo/os/$arch": true
        }
    },
    "nic": {
        "NetworkManager": true,
        "nic": "Use NetworkManager to control and manage your internet connection"
    },
    "packages": [],
    "profile": {
        "path": "/home/minipops/Projects/archinstall/examples/profiles/xorg.py"
    },
    "superusers": {
        "q": {
            "!password": "******"
        }
    },
    "target-mount": "/mnt",
    "timezone": null,
    "users": {}
}
Script Profile(awesome) has been loaded with namespace 'awesome'
Script Profile(budgie) has been loaded with namespace 'budgie'
Script Profile(cinnamon) has been loaded with namespace 'cinnamon'
Script Profile(desktop) has been loaded with namespace 'desktop'
Script Profile(gnome) has been loaded with namespace 'gnome'
Script Profile(i3) has been loaded with namespace 'i3'
Script Profile(kde) has been loaded with namespace 'kde'
Script Profile(lxqt) has been loaded with namespace 'lxqt'
Script Profile(minimal) has been loaded with namespace 'minimal'
Script Profile(sway) has been loaded with namespace 'sway'
Script Profile(xfce4) has been loaded with namespace 'xfce4'
Script Profile(xorg) has been loaded with namespace 'xorg'
Script Profile(xorg) has been loaded with namespace 'xorg'
-- Guided template chosen (with below config) --
{
    "!root-password": "******",
    "audio": "none",
    "harddrive": null,
    "hostname": "HOSTNAME",
    "keyboard-language": "us",
    "mirror-region": {
        "United States": {
            "https://america.mirror.pkgbuild.com/$repo/os/$arch": true,
            "https://arch.hu.fo/archlinux/$repo/os/$arch": true,
            "https://arch.mirror.constant.com/$repo/os/$arch": true,
            "https://arch.mirror.square-r00t.net/$repo/os/$arch": true,
            "https://arch.rrig.gs/$repo/os/$arch": true,
            "https://archlinux.surlyjake.com/archlinux/$repo/os/$arch": true,
            "https://archmirror1.octyl.net/$repo/os/$arch": true,
            "https://arlm.tyzoid.com/$repo/os/$arch": true,
            "https://dfw.mirror.rackspace.com/archlinux/$repo/os/$arch": true,
            "https://ftp.sudhip.com/archlinux/$repo/os/$arch": true,
            "https://iad.mirror.rackspace.com/archlinux/$repo/os/$arch": true,
            "https://iad.mirrors.misaka.one/archlinux/$repo/os/$arch": true,
            "https://mirror.arizona.edu/archlinux/$repo/os/$arch": true,
            "https://mirror.cybersecurity.nmt.edu/archlinux/$repo/os/$arch": true,
            "https://mirror.dal10.us.leaseweb.net/archlinux/$repo/os/$arch": true,
            "https://mirror.ette.biz/archlinux/$repo/os/$arch": true,
            "https://mirror.hackingand.coffee/arch/$repo/os/$arch": true,
            "https://mirror.kaminski.io/archlinux/$repo/os/$arch": true,
            "https://mirror.lty.me/archlinux/$repo/os/$arch": true,
            "https://mirror.mia11.us.leaseweb.net/archlinux/$repo/os/$arch": true,
            "https://mirror.pit.teraswitch.com/archlinux/$repo/os/$arch": true,
            "https://mirror.sfo12.us.leaseweb.net/archlinux/$repo/os/$arch": true,
            "https://mirror.stephen304.com/archlinux/$repo/os/$arch": true,
            "https://mirror.wdc1.us.leaseweb.net/archlinux/$repo/os/$arch": true,
            "https://mirrors.kernel.org/archlinux/$repo/os/$arch": true,
            "https://mirrors.mit.edu/archlinux/$repo/os/$arch": true,
            "https://mirrors.ocf.berkeley.edu/archlinux/$repo/os/$arch": true,
            "https://mirrors.rit.edu/archlinux/$repo/os/$arch": true,
            "https://mirrors.sonic.net/archlinux/$repo/os/$arch": true,
            "https://mirrors.xtom.com/archlinux/$repo/os/$arch": true,
            "https://ord.mirror.rackspace.com/archlinux/$repo/os/$arch": true,
            "https://plug-mirror.rcac.purdue.edu/archlinux/$repo/os/$arch": true,
            "https://zxcvfdsa.com/arch/$repo/os/$arch": true
        }
    },
    "nic": {
        "NetworkManager": true,
        "nic": "Use NetworkManager to control and manage your internet connection"
    },
    "packages": [],
    "profile": {
        "path": "/home/minipops/Projects/archinstall/examples/profiles/xorg.py"
    },
    "superusers": {
        "admin": {
            "!password": "******"
        }
    },
    "target-mount": "/mnt",
    "timezone": "US/Mountain",
    "users": {}
}
Script Profile(awesome) has been loaded with namespace 'awesome'
Script Profile(budgie) has been loaded with namespace 'budgie'
Script Profile(cinnamon) has been loaded with namespace 'cinnamon'
Script Profile(desktop) has been loaded with namespace 'desktop'
Script Profile(gnome) has been loaded with namespace 'gnome'
Script Profile(i3) has been loaded with namespace 'i3'
Script Profile(kde) has been loaded with namespace 'kde'
Script Profile(lxqt) has been loaded with namespace 'lxqt'
Script Profile(minimal) has been loaded with namespace 'minimal'
Script Profile(sway) has been loaded with namespace 'sway'
Script Profile(xfce4) has been loaded with namespace 'xfce4'
Script Profile(xorg) has been loaded with namespace 'xorg'
Script Profile(desktop) has been loaded with namespace 'desktop'
Script Profile(kde) has been loaded with namespace 'kde'
Script Profile(xorg) has been loaded with namespace 'xorg'
Script Profile(awesome) has been loaded with namespace 'awesome'
Script Profile(budgie) has been loaded with namespace 'budgie'
Script Profile(cinnamon) has been loaded with namespace 'cinnamon'
Script Profile(desktop) has been loaded with namespace 'desktop'
Script Profile(gnome) has been loaded with namespace 'gnome'
Script Profile(i3) has been loaded with namespace 'i3'
Script Profile(kde) has been loaded with namespace 'kde'
Script Profile(lxqt) has been loaded with namespace 'lxqt'
Script Profile(minimal) has been loaded with namespace 'minimal'
Script Profile(sway) has been loaded with namespace 'sway'
Script Profile(xfce4) has been loaded with namespace 'xfce4'
Script Profile(xorg) has been loaded with namespace 'xorg'
Script Profile(desktop) has been loaded with namespace 'desktop'
Script Profile(kde) has been loaded with namespace 'kde'
Script Profile(xorg) has been loaded with namespace 'xorg'
Script Profile(awesome) has been loaded with namespace 'awesome'
Script Profile(budgie) has been loaded with namespace 'budgie'
Script Profile(cinnamon) has been loaded with namespace 'cinnamon'
Script Profile(desktop) has been loaded with namespace 'desktop'
Script Profile(gnome) has been loaded with namespace 'gnome'
Script Profile(i3) has been loaded with namespace 'i3'
Script Profile(kde) has been loaded with namespace 'kde'
Script Profile(lxqt) has been loaded with namespace 'lxqt'
Script Profile(minimal) has been loaded with namespace 'minimal'
Script Profile(sway) has been loaded with namespace 'sway'
Script Profile(xfce4) has been loaded with namespace 'xfce4'
Script Profile(xorg) has been loaded with namespace 'xorg'
Script Profile(desktop) has been loaded with namespace 'desktop'
Script Profile(kde) has been loaded with namespace 'kde'
Script Profile(xorg) has been loaded with namespace 'xorg'
Verifying that additional packages exist (this might take a few seconds)
-- Guided template chosen (with below config) --
{
    "!root-password": "******",
    "audio": "pipewire",
    "harddrive": null,
    "hostname": "host",
    "keyboard-language": "us",
    "mirror-region": {
        "United States": {
            "https://america.mirror.pkgbuild.com/$repo/os/$arch": true,
            "https://arch.hu.fo/archlinux/$repo/os/$arch": true,
            "https://arch.mirror.constant.com/$repo/os/$arch": true,
            "https://arch.mirror.square-r00t.net/$repo/os/$arch": true,
            "https://arch.rrig.gs/$repo/os/$arch": true,
            "https://archlinux.surlyjake.com/archlinux/$repo/os/$arch": true,
            "https://archmirror1.octyl.net/$repo/os/$arch": true,
            "https://arlm.tyzoid.com/$repo/os/$arch": true,
            "https://dfw.mirror.rackspace.com/archlinux/$repo/os/$arch": true,
            "https://ftp.sudhip.com/archlinux/$repo/os/$arch": true,
            "https://iad.mirror.rackspace.com/archlinux/$repo/os/$arch": true,
            "https://iad.mirrors.misaka.one/archlinux/$repo/os/$arch": true,
            "https://mirror.arizona.edu/archlinux/$repo/os/$arch": true,
            "https://mirror.cybersecurity.nmt.edu/archlinux/$repo/os/$arch": true,
            "https://mirror.dal10.us.leaseweb.net/archlinux/$repo/os/$arch": true,
            "https://mirror.ette.biz/archlinux/$repo/os/$arch": true,
            "https://mirror.hackingand.coffee/arch/$repo/os/$arch": true,
            "https://mirror.kaminski.io/archlinux/$repo/os/$arch": true,
            "https://mirror.lty.me/archlinux/$repo/os/$arch": true,
            "https://mirror.mia11.us.leaseweb.net/archlinux/$repo/os/$arch": true,
            "https://mirror.pit.teraswitch.com/archlinux/$repo/os/$arch": true,
            "https://mirror.sfo12.us.leaseweb.net/archlinux/$repo/os/$arch": true,
            "https://mirror.stephen304.com/archlinux/$repo/os/$arch": true,
            "https://mirror.wdc1.us.leaseweb.net/archlinux/$repo/os/$arch": true,
            "https://mirrors.kernel.org/archlinux/$repo/os/$arch": true,
            "https://mirrors.mit.edu/archlinux/$repo/os/$arch": true,
            "https://mirrors.ocf.berkeley.edu/archlinux/$repo/os/$arch": true,
            "https://mirrors.rit.edu/archlinux/$repo/os/$arch": true,
            "https://mirrors.sonic.net/archlinux/$repo/os/$arch": true,
            "https://mirrors.xtom.com/archlinux/$repo/os/$arch": true,
            "https://ord.mirror.rackspace.com/archlinux/$repo/os/$arch": true,
            "https://plug-mirror.rcac.purdue.edu/archlinux/$repo/os/$arch": true,
            "https://zxcvfdsa.com/arch/$repo/os/$arch": true
        }
    },
    "nic": {
        "NetworkManager": true,
        "nic": "Use NetworkManager to control and manage your internet connection"
    },
    "packages": [
        "konqueror"
    ],
    "profile": {
        "path": "/home/minipops/Projects/archinstall/examples/profiles/desktop.py"
    },
    "superusers": {
        "q": {
            "!password": "******"
        }
    },
    "target-mount": "/mnt",
    "timezone": "US/Mountain",
    "users": {}
}
